<?xml version="1.0" encoding="UTF-8"?>
<testsuite name="com.greeting.service.MessageServiceTest" tests="1" skipped="0" failures="0" errors="0" timestamp="2020-04-01T07:26:00" hostname="kalium" time="0.014">
  <properties/>
  <testcase name="testGetMessage()" classname="com.greeting.service.MessageServiceTest" time="0.014"/>
  <system-out><![CDATA[]]></system-out>
  <system-err><![CDATA[Apr 01, 2020 12:56:00 PM org.springframework.test.context.support.AbstractTestContextBootstrapper getDefaultTestExecutionListenerClassNames
INFO: Loaded default TestExecutionListener class names from location [META-INF/spring.factories]: [org.springframework.test.context.web.ServletTestExecutionListener, org.springframework.test.context.support.DirtiesContextBeforeModesTestExecutionListener, org.springframework.test.context.support.DependencyInjectionTestExecutionListener, org.springframework.test.context.support.DirtiesContextTestExecutionListener, org.springframework.test.context.transaction.TransactionalTestExecutionListener, org.springframework.test.context.jdbc.SqlScriptsTestExecutionListener]
Apr 01, 2020 12:56:00 PM org.springframework.test.context.support.AbstractTestContextBootstrapper getTestExecutionListeners
INFO: Using TestExecutionListeners: [org.springframework.test.context.support.DirtiesContextBeforeModesTestExecutionListener@71570d12, org.springframework.test.context.support.DependencyInjectionTestExecutionListener@5b4df23c, org.springframework.test.context.support.DirtiesContextTestExecutionListener@24eed0a]
]]></system-err>
</testsuite>
